2021-01-07 22:27:15 error: ðŸ”´ Unable to connect to the database: MongooseServerSelectionError: connect ECONNREFUSED 127.0.0.1:27017.
2021-01-07 22:57:13 error: uncaughtException: Route.get() requires a callback function but got a [object Undefined]
Error: Route.get() requires a callback function but got a [object Undefined]
    at Route.<computed> [as get] (C:\Users\Szotyi\Documents\password-manager\server\node_modules\express\lib\router\route.js:202:15)
    at Function.proto.<computed> [as get] (C:\Users\Szotyi\Documents\password-manager\server\node_modules\express\lib\router\index.js:510:19)
    at ServiceRoute.initializeRoutes (C:\Users\Szotyi\Documents\password-manager\server\src\routes\service.route.ts:15:17)
    at new ServiceRoute (C:\Users\Szotyi\Documents\password-manager\server\src\routes\service.route.ts:11:10)
    at Object.<anonymous> (C:\Users\Szotyi\Documents\password-manager\server\src\server.ts:11:75)
    at Module._compile (node:internal/modules/cjs/loader:1108:14)
    at Module.m._compile (C:\Users\Szotyi\AppData\Roaming\npm\node_modules\ts-node\src\index.ts:1056:23)
    at Module._extensions..js (node:internal/modules/cjs/loader:1137:10)
    at Object.require.extensions.<computed> [as .ts] (C:\Users\Szotyi\AppData\Roaming\npm\node_modules\ts-node\src\index.ts:1059:12)
    at Module.load (node:internal/modules/cjs/loader:973:32)
    at Function.Module._load (node:internal/modules/cjs/loader:813:14)
    at Function.executeUserEntryPoint [as runMain] (node:internal/modules/run_main:76:12)
    at main (C:\Users\Szotyi\AppData\Roaming\npm\node_modules\ts-node\src\bin.ts:198:14)
    at Object.<anonymous> (C:\Users\Szotyi\AppData\Roaming\npm\node_modules\ts-node\src\bin.ts:288:3)
    at Module._compile (node:internal/modules/cjs/loader:1108:14)
    at Object.Module._extensions..js (node:internal/modules/cjs/loader:1137:10)
2021-01-07 22:58:10 error: uncaughtException: await is only valid in async functions and the top level bodies of modules
C:\Users\Szotyi\Documents\password-manager\server\src\controllers\service.controller.ts:7
                const findAllServicesData = await this.serviceService.findAllUser();
                                            ^^^^^

SyntaxError: await is only valid in async functions and the top level bodies of modules
    at wrapSafe (node:internal/modules/cjs/loader:1024:16)
    at Module._compile (node:internal/modules/cjs/loader:1072:27)
    at Module.m._compile (C:\Users\Szotyi\AppData\Roaming\npm\node_modules\ts-node\src\index.ts:1056:23)
    at Module._extensions..js (node:internal/modules/cjs/loader:1137:10)
    at Object.require.extensions.<computed> [as .ts] (C:\Users\Szotyi\AppData\Roaming\npm\node_modules\ts-node\src\index.ts:1059:12)
    at Module.load (node:internal/modules/cjs/loader:973:32)
    at Function.Module._load (node:internal/modules/cjs/loader:813:14)
    at Module.require (node:internal/modules/cjs/loader:997:19)
    at require (node:internal/modules/cjs/helpers:92:18)
    at Object.<anonymous> (C:\Users\Szotyi\Documents\password-manager\server\src\routes\service.route.ts:2:1)
    at Module._compile (node:internal/modules/cjs/loader:1108:14)
    at Module.m._compile (C:\Users\Szotyi\AppData\Roaming\npm\node_modules\ts-node\src\index.ts:1056:23)
    at Module._extensions..js (node:internal/modules/cjs/loader:1137:10)
    at Object.require.extensions.<computed> [as .ts] (C:\Users\Szotyi\AppData\Roaming\npm\node_modules\ts-node\src\index.ts:1059:12)
    at Module.load (node:internal/modules/cjs/loader:973:32)
    at Function.Module._load (node:internal/modules/cjs/loader:813:14)
2021-01-07 22:58:43 error: uncaughtException: await is only valid in async functions and the top level bodies of modules
C:\Users\Szotyi\Documents\password-manager\server\src\controllers\service.controller.ts:7
                const findAllServicesData = await this.serviceService.findAllUser();
                                            ^^^^^

SyntaxError: await is only valid in async functions and the top level bodies of modules
    at wrapSafe (node:internal/modules/cjs/loader:1024:16)
    at Module._compile (node:internal/modules/cjs/loader:1072:27)
    at Module.m._compile (C:\Users\Szotyi\AppData\Roaming\npm\node_modules\ts-node\src\index.ts:1056:23)
    at Module._extensions..js (node:internal/modules/cjs/loader:1137:10)
    at Object.require.extensions.<computed> [as .ts] (C:\Users\Szotyi\AppData\Roaming\npm\node_modules\ts-node\src\index.ts:1059:12)
    at Module.load (node:internal/modules/cjs/loader:973:32)
    at Function.Module._load (node:internal/modules/cjs/loader:813:14)
    at Module.require (node:internal/modules/cjs/loader:997:19)
    at require (node:internal/modules/cjs/helpers:92:18)
    at Object.<anonymous> (C:\Users\Szotyi\Documents\password-manager\server\src\routes\service.route.ts:2:1)
    at Module._compile (node:internal/modules/cjs/loader:1108:14)
    at Module.m._compile (C:\Users\Szotyi\AppData\Roaming\npm\node_modules\ts-node\src\index.ts:1056:23)
    at Module._extensions..js (node:internal/modules/cjs/loader:1137:10)
    at Object.require.extensions.<computed> [as .ts] (C:\Users\Szotyi\AppData\Roaming\npm\node_modules\ts-node\src\index.ts:1059:12)
    at Module.load (node:internal/modules/cjs/loader:973:32)
    at Function.Module._load (node:internal/modules/cjs/loader:813:14)
2021-01-07 22:58:47 error: uncaughtException: await is only valid in async functions and the top level bodies of modules
C:\Users\Szotyi\Documents\password-manager\server\src\controllers\service.controller.ts:7
                const findAllServicesData = await this.serviceService.findAllUser();
                                            ^^^^^

SyntaxError: await is only valid in async functions and the top level bodies of modules
    at wrapSafe (node:internal/modules/cjs/loader:1024:16)
    at Module._compile (node:internal/modules/cjs/loader:1072:27)
    at Module.m._compile (C:\Users\Szotyi\AppData\Roaming\npm\node_modules\ts-node\src\index.ts:1056:23)
    at Module._extensions..js (node:internal/modules/cjs/loader:1137:10)
    at Object.require.extensions.<computed> [as .ts] (C:\Users\Szotyi\AppData\Roaming\npm\node_modules\ts-node\src\index.ts:1059:12)
    at Module.load (node:internal/modules/cjs/loader:973:32)
    at Function.Module._load (node:internal/modules/cjs/loader:813:14)
    at Module.require (node:internal/modules/cjs/loader:997:19)
    at require (node:internal/modules/cjs/helpers:92:18)
    at Object.<anonymous> (C:\Users\Szotyi\Documents\password-manager\server\src\routes\service.route.ts:2:1)
    at Module._compile (node:internal/modules/cjs/loader:1108:14)
    at Module.m._compile (C:\Users\Szotyi\AppData\Roaming\npm\node_modules\ts-node\src\index.ts:1056:23)
    at Module._extensions..js (node:internal/modules/cjs/loader:1137:10)
    at Object.require.extensions.<computed> [as .ts] (C:\Users\Szotyi\AppData\Roaming\npm\node_modules\ts-node\src\index.ts:1059:12)
    at Module.load (node:internal/modules/cjs/loader:973:32)
    at Function.Module._load (node:internal/modules/cjs/loader:813:14)
2021-01-07 22:58:53 error: uncaughtException: await is only valid in async functions and the top level bodies of modules
C:\Users\Szotyi\Documents\password-manager\server\src\controllers\service.controller.ts:7
                const findAllServicesData = await this.serviceService.findAllUser();
                                            ^^^^^

SyntaxError: await is only valid in async functions and the top level bodies of modules
    at wrapSafe (node:internal/modules/cjs/loader:1024:16)
    at Module._compile (node:internal/modules/cjs/loader:1072:27)
    at Module.m._compile (C:\Users\Szotyi\AppData\Roaming\npm\node_modules\ts-node\src\index.ts:1056:23)
    at Module._extensions..js (node:internal/modules/cjs/loader:1137:10)
    at Object.require.extensions.<computed> [as .ts] (C:\Users\Szotyi\AppData\Roaming\npm\node_modules\ts-node\src\index.ts:1059:12)
    at Module.load (node:internal/modules/cjs/loader:973:32)
    at Function.Module._load (node:internal/modules/cjs/loader:813:14)
    at Module.require (node:internal/modules/cjs/loader:997:19)
    at require (node:internal/modules/cjs/helpers:92:18)
    at Object.<anonymous> (C:\Users\Szotyi\Documents\password-manager\server\src\routes\service.route.ts:2:1)
    at Module._compile (node:internal/modules/cjs/loader:1108:14)
    at Module.m._compile (C:\Users\Szotyi\AppData\Roaming\npm\node_modules\ts-node\src\index.ts:1056:23)
    at Module._extensions..js (node:internal/modules/cjs/loader:1137:10)
    at Object.require.extensions.<computed> [as .ts] (C:\Users\Szotyi\AppData\Roaming\npm\node_modules\ts-node\src\index.ts:1059:12)
    at Module.load (node:internal/modules/cjs/loader:973:32)
    at Function.Module._load (node:internal/modules/cjs/loader:813:14)
2021-01-07 22:59:35 error: uncaughtException: await is only valid in async functions and the top level bodies of modules
C:\Users\Szotyi\Documents\password-manager\server\src\controllers\service.controller.ts:7
                const findAllServicesData = await this.serviceService.findAllUser();
                                            ^^^^^

SyntaxError: await is only valid in async functions and the top level bodies of modules
    at wrapSafe (node:internal/modules/cjs/loader:1024:16)
    at Module._compile (node:internal/modules/cjs/loader:1072:27)
    at Module.m._compile (C:\Users\Szotyi\AppData\Roaming\npm\node_modules\ts-node\src\index.ts:1056:23)
    at Module._extensions..js (node:internal/modules/cjs/loader:1137:10)
    at Object.require.extensions.<computed> [as .ts] (C:\Users\Szotyi\AppData\Roaming\npm\node_modules\ts-node\src\index.ts:1059:12)
    at Module.load (node:internal/modules/cjs/loader:973:32)
    at Function.Module._load (node:internal/modules/cjs/loader:813:14)
    at Module.require (node:internal/modules/cjs/loader:997:19)
    at require (node:internal/modules/cjs/helpers:92:18)
    at Object.<anonymous> (C:\Users\Szotyi\Documents\password-manager\server\src\routes\service.route.ts:2:1)
    at Module._compile (node:internal/modules/cjs/loader:1108:14)
    at Module.m._compile (C:\Users\Szotyi\AppData\Roaming\npm\node_modules\ts-node\src\index.ts:1056:23)
    at Module._extensions..js (node:internal/modules/cjs/loader:1137:10)
    at Object.require.extensions.<computed> [as .ts] (C:\Users\Szotyi\AppData\Roaming\npm\node_modules\ts-node\src\index.ts:1059:12)
    at Module.load (node:internal/modules/cjs/loader:973:32)
    at Function.Module._load (node:internal/modules/cjs/loader:813:14)
2021-01-07 22:59:48 error: uncaughtException: await is only valid in async functions and the top level bodies of modules
C:\Users\Szotyi\Documents\password-manager\server\src\controllers\service.controller.ts:7
                const findAllServicesData = await this.serviceService.findAllUser();
                                            ^^^^^

SyntaxError: await is only valid in async functions and the top level bodies of modules
    at wrapSafe (node:internal/modules/cjs/loader:1024:16)
    at Module._compile (node:internal/modules/cjs/loader:1072:27)
    at Module.m._compile (C:\Users\Szotyi\AppData\Roaming\npm\node_modules\ts-node\src\index.ts:1056:23)
    at Module._extensions..js (node:internal/modules/cjs/loader:1137:10)
    at Object.require.extensions.<computed> [as .ts] (C:\Users\Szotyi\AppData\Roaming\npm\node_modules\ts-node\src\index.ts:1059:12)
    at Module.load (node:internal/modules/cjs/loader:973:32)
    at Function.Module._load (node:internal/modules/cjs/loader:813:14)
    at Module.require (node:internal/modules/cjs/loader:997:19)
    at require (node:internal/modules/cjs/helpers:92:18)
    at Object.<anonymous> (C:\Users\Szotyi\Documents\password-manager\server\src\routes\service.route.ts:2:1)
    at Module._compile (node:internal/modules/cjs/loader:1108:14)
    at Module.m._compile (C:\Users\Szotyi\AppData\Roaming\npm\node_modules\ts-node\src\index.ts:1056:23)
    at Module._extensions..js (node:internal/modules/cjs/loader:1137:10)
    at Object.require.extensions.<computed> [as .ts] (C:\Users\Szotyi\AppData\Roaming\npm\node_modules\ts-node\src\index.ts:1059:12)
    at Module.load (node:internal/modules/cjs/loader:973:32)
    at Function.Module._load (node:internal/modules/cjs/loader:813:14)
2021-01-07 22:59:55 error: uncaughtException: await is only valid in async functions and the top level bodies of modules
C:\Users\Szotyi\Documents\password-manager\server\src\controllers\service.controller.ts:7
                const findAllServicesData = await this.serviceService.findAllUser();
                                            ^^^^^

SyntaxError: await is only valid in async functions and the top level bodies of modules
    at wrapSafe (node:internal/modules/cjs/loader:1024:16)
    at Module._compile (node:internal/modules/cjs/loader:1072:27)
    at Module.m._compile (C:\Users\Szotyi\AppData\Roaming\npm\node_modules\ts-node\src\index.ts:1056:23)
    at Module._extensions..js (node:internal/modules/cjs/loader:1137:10)
    at Object.require.extensions.<computed> [as .ts] (C:\Users\Szotyi\AppData\Roaming\npm\node_modules\ts-node\src\index.ts:1059:12)
    at Module.load (node:internal/modules/cjs/loader:973:32)
    at Function.Module._load (node:internal/modules/cjs/loader:813:14)
    at Module.require (node:internal/modules/cjs/loader:997:19)
    at require (node:internal/modules/cjs/helpers:92:18)
    at Object.<anonymous> (C:\Users\Szotyi\Documents\password-manager\server\src\routes\service.route.ts:2:1)
    at Module._compile (node:internal/modules/cjs/loader:1108:14)
    at Module.m._compile (C:\Users\Szotyi\AppData\Roaming\npm\node_modules\ts-node\src\index.ts:1056:23)
    at Module._extensions..js (node:internal/modules/cjs/loader:1137:10)
    at Object.require.extensions.<computed> [as .ts] (C:\Users\Szotyi\AppData\Roaming\npm\node_modules\ts-node\src\index.ts:1059:12)
    at Module.load (node:internal/modules/cjs/loader:973:32)
    at Function.Module._load (node:internal/modules/cjs/loader:813:14)
2021-01-07 23:00:00 error: uncaughtException: await is only valid in async functions and the top level bodies of modules
C:\Users\Szotyi\Documents\password-manager\server\src\controllers\service.controller.ts:7
                const findAllServicesData = await this.serviceService.findAllUser();
                                            ^^^^^

SyntaxError: await is only valid in async functions and the top level bodies of modules
    at wrapSafe (node:internal/modules/cjs/loader:1024:16)
    at Module._compile (node:internal/modules/cjs/loader:1072:27)
    at Module.m._compile (C:\Users\Szotyi\AppData\Roaming\npm\node_modules\ts-node\src\index.ts:1056:23)
    at Module._extensions..js (node:internal/modules/cjs/loader:1137:10)
    at Object.require.extensions.<computed> [as .ts] (C:\Users\Szotyi\AppData\Roaming\npm\node_modules\ts-node\src\index.ts:1059:12)
    at Module.load (node:internal/modules/cjs/loader:973:32)
    at Function.Module._load (node:internal/modules/cjs/loader:813:14)
    at Module.require (node:internal/modules/cjs/loader:997:19)
    at require (node:internal/modules/cjs/helpers:92:18)
    at Object.<anonymous> (C:\Users\Szotyi\Documents\password-manager\server\src\routes\service.route.ts:2:1)
    at Module._compile (node:internal/modules/cjs/loader:1108:14)
    at Module.m._compile (C:\Users\Szotyi\AppData\Roaming\npm\node_modules\ts-node\src\index.ts:1056:23)
    at Module._extensions..js (node:internal/modules/cjs/loader:1137:10)
    at Object.require.extensions.<computed> [as .ts] (C:\Users\Szotyi\AppData\Roaming\npm\node_modules\ts-node\src\index.ts:1059:12)
    at Module.load (node:internal/modules/cjs/loader:973:32)
    at Function.Module._load (node:internal/modules/cjs/loader:813:14)
2021-01-07 23:00:54 error: uncaughtException: await is only valid in async functions and the top level bodies of modules
C:\Users\Szotyi\Documents\password-manager\server\src\controllers\service.controller.ts:7
                const findAllServicesData = await this.serviceService.findAllUser();
                                            ^^^^^

SyntaxError: await is only valid in async functions and the top level bodies of modules
    at wrapSafe (node:internal/modules/cjs/loader:1024:16)
    at Module._compile (node:internal/modules/cjs/loader:1072:27)
    at Module.m._compile (C:\Users\Szotyi\AppData\Roaming\npm\node_modules\ts-node\src\index.ts:1056:23)
    at Module._extensions..js (node:internal/modules/cjs/loader:1137:10)
    at Object.require.extensions.<computed> [as .ts] (C:\Users\Szotyi\AppData\Roaming\npm\node_modules\ts-node\src\index.ts:1059:12)
    at Module.load (node:internal/modules/cjs/loader:973:32)
    at Function.Module._load (node:internal/modules/cjs/loader:813:14)
    at Module.require (node:internal/modules/cjs/loader:997:19)
    at require (node:internal/modules/cjs/helpers:92:18)
    at Object.<anonymous> (C:\Users\Szotyi\Documents\password-manager\server\src\routes\service.route.ts:2:1)
    at Module._compile (node:internal/modules/cjs/loader:1108:14)
    at Module.m._compile (C:\Users\Szotyi\AppData\Roaming\npm\node_modules\ts-node\src\index.ts:1056:23)
    at Module._extensions..js (node:internal/modules/cjs/loader:1137:10)
    at Object.require.extensions.<computed> [as .ts] (C:\Users\Szotyi\AppData\Roaming\npm\node_modules\ts-node\src\index.ts:1059:12)
    at Module.load (node:internal/modules/cjs/loader:973:32)
    at Function.Module._load (node:internal/modules/cjs/loader:813:14)
2021-01-07 23:01:06 error: uncaughtException: await is only valid in async functions and the top level bodies of modules
C:\Users\Szotyi\Documents\password-manager\server\src\controllers\service.controller.ts:7
                const findAllServicesData = await this.serviceService.findAllUser();
                                            ^^^^^

SyntaxError: await is only valid in async functions and the top level bodies of modules
    at wrapSafe (node:internal/modules/cjs/loader:1024:16)
    at Module._compile (node:internal/modules/cjs/loader:1072:27)
    at Module.m._compile (C:\Users\Szotyi\AppData\Roaming\npm\node_modules\ts-node\src\index.ts:1056:23)
    at Module._extensions..js (node:internal/modules/cjs/loader:1137:10)
    at Object.require.extensions.<computed> [as .ts] (C:\Users\Szotyi\AppData\Roaming\npm\node_modules\ts-node\src\index.ts:1059:12)
    at Module.load (node:internal/modules/cjs/loader:973:32)
    at Function.Module._load (node:internal/modules/cjs/loader:813:14)
    at Module.require (node:internal/modules/cjs/loader:997:19)
    at require (node:internal/modules/cjs/helpers:92:18)
    at Object.<anonymous> (C:\Users\Szotyi\Documents\password-manager\server\src\routes\service.route.ts:2:1)
    at Module._compile (node:internal/modules/cjs/loader:1108:14)
    at Module.m._compile (C:\Users\Szotyi\AppData\Roaming\npm\node_modules\ts-node\src\index.ts:1056:23)
    at Module._extensions..js (node:internal/modules/cjs/loader:1137:10)
    at Object.require.extensions.<computed> [as .ts] (C:\Users\Szotyi\AppData\Roaming\npm\node_modules\ts-node\src\index.ts:1059:12)
    at Module.load (node:internal/modules/cjs/loader:973:32)
    at Function.Module._load (node:internal/modules/cjs/loader:813:14)
2021-01-07 23:01:09 error: uncaughtException: await is only valid in async functions and the top level bodies of modules
C:\Users\Szotyi\Documents\password-manager\server\src\controllers\service.controller.ts:7
                const findAllServicesData = await this.serviceService.findAllUser();
                                            ^^^^^

SyntaxError: await is only valid in async functions and the top level bodies of modules
    at wrapSafe (node:internal/modules/cjs/loader:1024:16)
    at Module._compile (node:internal/modules/cjs/loader:1072:27)
    at Module.m._compile (C:\Users\Szotyi\AppData\Roaming\npm\node_modules\ts-node\src\index.ts:1056:23)
    at Module._extensions..js (node:internal/modules/cjs/loader:1137:10)
    at Object.require.extensions.<computed> [as .ts] (C:\Users\Szotyi\AppData\Roaming\npm\node_modules\ts-node\src\index.ts:1059:12)
    at Module.load (node:internal/modules/cjs/loader:973:32)
    at Function.Module._load (node:internal/modules/cjs/loader:813:14)
    at Module.require (node:internal/modules/cjs/loader:997:19)
    at require (node:internal/modules/cjs/helpers:92:18)
    at Object.<anonymous> (C:\Users\Szotyi\Documents\password-manager\server\src\routes\service.route.ts:2:1)
    at Module._compile (node:internal/modules/cjs/loader:1108:14)
    at Module.m._compile (C:\Users\Szotyi\AppData\Roaming\npm\node_modules\ts-node\src\index.ts:1056:23)
    at Module._extensions..js (node:internal/modules/cjs/loader:1137:10)
    at Object.require.extensions.<computed> [as .ts] (C:\Users\Szotyi\AppData\Roaming\npm\node_modules\ts-node\src\index.ts:1059:12)
    at Module.load (node:internal/modules/cjs/loader:973:32)
    at Function.Module._load (node:internal/modules/cjs/loader:813:14)
2021-01-07 23:01:29 error: uncaughtException: await is only valid in async functions and the top level bodies of modules
C:\Users\Szotyi\Documents\password-manager\server\src\controllers\service.controller.ts:7
                const findAllServicesData = await this.serviceService.findAllUser();
                                            ^^^^^

SyntaxError: await is only valid in async functions and the top level bodies of modules
    at wrapSafe (node:internal/modules/cjs/loader:1024:16)
    at Module._compile (node:internal/modules/cjs/loader:1072:27)
    at Module.m._compile (C:\Users\Szotyi\AppData\Roaming\npm\node_modules\ts-node\src\index.ts:1056:23)
    at Module._extensions..js (node:internal/modules/cjs/loader:1137:10)
    at Object.require.extensions.<computed> [as .ts] (C:\Users\Szotyi\AppData\Roaming\npm\node_modules\ts-node\src\index.ts:1059:12)
    at Module.load (node:internal/modules/cjs/loader:973:32)
    at Function.Module._load (node:internal/modules/cjs/loader:813:14)
    at Module.require (node:internal/modules/cjs/loader:997:19)
    at require (node:internal/modules/cjs/helpers:92:18)
    at Object.<anonymous> (C:\Users\Szotyi\Documents\password-manager\server\src\routes\service.route.ts:2:1)
    at Module._compile (node:internal/modules/cjs/loader:1108:14)
    at Module.m._compile (C:\Users\Szotyi\AppData\Roaming\npm\node_modules\ts-node\src\index.ts:1056:23)
    at Module._extensions..js (node:internal/modules/cjs/loader:1137:10)
    at Object.require.extensions.<computed> [as .ts] (C:\Users\Szotyi\AppData\Roaming\npm\node_modules\ts-node\src\index.ts:1059:12)
    at Module.load (node:internal/modules/cjs/loader:973:32)
    at Function.Module._load (node:internal/modules/cjs/loader:813:14)
2021-01-07 23:02:07 error: uncaughtException: await is only valid in async functions and the top level bodies of modules
C:\Users\Szotyi\Documents\password-manager\server\src\controllers\service.controller.ts:8
                const findAllServicesData = await this.serviceService.findAllUser();
                                            ^^^^^

SyntaxError: await is only valid in async functions and the top level bodies of modules
    at wrapSafe (node:internal/modules/cjs/loader:1024:16)
    at Module._compile (node:internal/modules/cjs/loader:1072:27)
    at Module.m._compile (C:\Users\Szotyi\AppData\Roaming\npm\node_modules\ts-node\src\index.ts:1056:23)
    at Module._extensions..js (node:internal/modules/cjs/loader:1137:10)
    at Object.require.extensions.<computed> [as .ts] (C:\Users\Szotyi\AppData\Roaming\npm\node_modules\ts-node\src\index.ts:1059:12)
    at Module.load (node:internal/modules/cjs/loader:973:32)
    at Function.Module._load (node:internal/modules/cjs/loader:813:14)
    at Module.require (node:internal/modules/cjs/loader:997:19)
    at require (node:internal/modules/cjs/helpers:92:18)
    at Object.<anonymous> (C:\Users\Szotyi\Documents\password-manager\server\src\routes\service.route.ts:2:1)
    at Module._compile (node:internal/modules/cjs/loader:1108:14)
    at Module.m._compile (C:\Users\Szotyi\AppData\Roaming\npm\node_modules\ts-node\src\index.ts:1056:23)
    at Module._extensions..js (node:internal/modules/cjs/loader:1137:10)
    at Object.require.extensions.<computed> [as .ts] (C:\Users\Szotyi\AppData\Roaming\npm\node_modules\ts-node\src\index.ts:1059:12)
    at Module.load (node:internal/modules/cjs/loader:973:32)
    at Function.Module._load (node:internal/modules/cjs/loader:813:14)
2021-01-07 23:02:24 error: uncaughtException: await is only valid in async functions and the top level bodies of modules
C:\Users\Szotyi\Documents\password-manager\server\src\controllers\service.controller.ts:8
                const findAllServicesData = await this.serviceService.findAllUser();
                                            ^^^^^

SyntaxError: await is only valid in async functions and the top level bodies of modules
    at wrapSafe (node:internal/modules/cjs/loader:1024:16)
    at Module._compile (node:internal/modules/cjs/loader:1072:27)
    at Module.m._compile (C:\Users\Szotyi\AppData\Roaming\npm\node_modules\ts-node\src\index.ts:1056:23)
    at Module._extensions..js (node:internal/modules/cjs/loader:1137:10)
    at Object.require.extensions.<computed> [as .ts] (C:\Users\Szotyi\AppData\Roaming\npm\node_modules\ts-node\src\index.ts:1059:12)
    at Module.load (node:internal/modules/cjs/loader:973:32)
    at Function.Module._load (node:internal/modules/cjs/loader:813:14)
    at Module.require (node:internal/modules/cjs/loader:997:19)
    at require (node:internal/modules/cjs/helpers:92:18)
    at Object.<anonymous> (C:\Users\Szotyi\Documents\password-manager\server\src\routes\service.route.ts:2:1)
    at Module._compile (node:internal/modules/cjs/loader:1108:14)
    at Module.m._compile (C:\Users\Szotyi\AppData\Roaming\npm\node_modules\ts-node\src\index.ts:1056:23)
    at Module._extensions..js (node:internal/modules/cjs/loader:1137:10)
    at Object.require.extensions.<computed> [as .ts] (C:\Users\Szotyi\AppData\Roaming\npm\node_modules\ts-node\src\index.ts:1059:12)
    at Module.load (node:internal/modules/cjs/loader:973:32)
    at Function.Module._load (node:internal/modules/cjs/loader:813:14)
2021-01-07 23:02:35 error: uncaughtException: serviceService is not defined
ReferenceError: serviceService is not defined
    at new ServiceController (C:\Users\Szotyi\Documents\password-manager\server\src\controllers\service.controller.ts:4:31)
    at new ServiceRoute (C:\Users\Szotyi\Documents\password-manager\server\src\routes\service.route.ts:8:30)
    at Object.<anonymous> (C:\Users\Szotyi\Documents\password-manager\server\src\server.ts:11:75)
    at Module._compile (node:internal/modules/cjs/loader:1108:14)
    at Module.m._compile (C:\Users\Szotyi\AppData\Roaming\npm\node_modules\ts-node\src\index.ts:1056:23)
    at Module._extensions..js (node:internal/modules/cjs/loader:1137:10)
    at Object.require.extensions.<computed> [as .ts] (C:\Users\Szotyi\AppData\Roaming\npm\node_modules\ts-node\src\index.ts:1059:12)
    at Module.load (node:internal/modules/cjs/loader:973:32)
    at Function.Module._load (node:internal/modules/cjs/loader:813:14)
    at Function.executeUserEntryPoint [as runMain] (node:internal/modules/run_main:76:12)
    at main (C:\Users\Szotyi\AppData\Roaming\npm\node_modules\ts-node\src\bin.ts:198:14)
    at Object.<anonymous> (C:\Users\Szotyi\AppData\Roaming\npm\node_modules\ts-node\src\bin.ts:288:3)
    at Module._compile (node:internal/modules/cjs/loader:1108:14)
    at Object.Module._extensions..js (node:internal/modules/cjs/loader:1137:10)
    at Module.load (node:internal/modules/cjs/loader:973:32)
    at Function.Module._load (node:internal/modules/cjs/loader:813:14)
2021-01-07 23:02:39 error: uncaughtException: serviceService is not defined
ReferenceError: serviceService is not defined
    at new ServiceController (C:\Users\Szotyi\Documents\password-manager\server\src\controllers\service.controller.ts:4:31)
    at new ServiceRoute (C:\Users\Szotyi\Documents\password-manager\server\src\routes\service.route.ts:8:30)
    at Object.<anonymous> (C:\Users\Szotyi\Documents\password-manager\server\src\server.ts:11:75)
    at Module._compile (node:internal/modules/cjs/loader:1108:14)
    at Module.m._compile (C:\Users\Szotyi\AppData\Roaming\npm\node_modules\ts-node\src\index.ts:1056:23)
    at Module._extensions..js (node:internal/modules/cjs/loader:1137:10)
    at Object.require.extensions.<computed> [as .ts] (C:\Users\Szotyi\AppData\Roaming\npm\node_modules\ts-node\src\index.ts:1059:12)
    at Module.load (node:internal/modules/cjs/loader:973:32)
    at Function.Module._load (node:internal/modules/cjs/loader:813:14)
    at Function.executeUserEntryPoint [as runMain] (node:internal/modules/run_main:76:12)
    at main (C:\Users\Szotyi\AppData\Roaming\npm\node_modules\ts-node\src\bin.ts:198:14)
    at Object.<anonymous> (C:\Users\Szotyi\AppData\Roaming\npm\node_modules\ts-node\src\bin.ts:288:3)
    at Module._compile (node:internal/modules/cjs/loader:1108:14)
    at Object.Module._extensions..js (node:internal/modules/cjs/loader:1137:10)
    at Module.load (node:internal/modules/cjs/loader:973:32)
    at Function.Module._load (node:internal/modules/cjs/loader:813:14)
2021-01-07 23:08:06 error: uncaughtException: Identifier 'service' has already been declared
C:\Users\Szotyi\Documents\password-manager\server\src\services\service.service.ts:17
        const service = await this.service.findByIdAndUpdate(service._id, service);
              ^

SyntaxError: Identifier 'service' has already been declared
    at wrapSafe (node:internal/modules/cjs/loader:1024:16)
    at Module._compile (node:internal/modules/cjs/loader:1072:27)
    at Module.m._compile (C:\Users\Szotyi\AppData\Roaming\npm\node_modules\ts-node\src\index.ts:1056:23)
    at Module._extensions..js (node:internal/modules/cjs/loader:1137:10)
    at Object.require.extensions.<computed> [as .ts] (C:\Users\Szotyi\AppData\Roaming\npm\node_modules\ts-node\src\index.ts:1059:12)
    at Module.load (node:internal/modules/cjs/loader:973:32)
    at Function.Module._load (node:internal/modules/cjs/loader:813:14)
    at Module.require (node:internal/modules/cjs/loader:997:19)
    at require (node:internal/modules/cjs/helpers:92:18)
    at Object.<anonymous> (C:\Users\Szotyi\Documents\password-manager\server\src\controllers\service.controller.ts:3:1)
    at Module._compile (node:internal/modules/cjs/loader:1108:14)
    at Module.m._compile (C:\Users\Szotyi\AppData\Roaming\npm\node_modules\ts-node\src\index.ts:1056:23)
    at Module._extensions..js (node:internal/modules/cjs/loader:1137:10)
    at Object.require.extensions.<computed> [as .ts] (C:\Users\Szotyi\AppData\Roaming\npm\node_modules\ts-node\src\index.ts:1059:12)
    at Module.load (node:internal/modules/cjs/loader:973:32)
    at Function.Module._load (node:internal/modules/cjs/loader:813:14)
2021-01-07 23:08:09 error: uncaughtException: Identifier 'service' has already been declared
C:\Users\Szotyi\Documents\password-manager\server\src\services\service.service.ts:16
        const service = await this.service.findByIdAndUpdate(service._id, service);
              ^

SyntaxError: Identifier 'service' has already been declared
    at wrapSafe (node:internal/modules/cjs/loader:1024:16)
    at Module._compile (node:internal/modules/cjs/loader:1072:27)
    at Module.m._compile (C:\Users\Szotyi\AppData\Roaming\npm\node_modules\ts-node\src\index.ts:1056:23)
    at Module._extensions..js (node:internal/modules/cjs/loader:1137:10)
    at Object.require.extensions.<computed> [as .ts] (C:\Users\Szotyi\AppData\Roaming\npm\node_modules\ts-node\src\index.ts:1059:12)
    at Module.load (node:internal/modules/cjs/loader:973:32)
    at Function.Module._load (node:internal/modules/cjs/loader:813:14)
    at Module.require (node:internal/modules/cjs/loader:997:19)
    at require (node:internal/modules/cjs/helpers:92:18)
    at Object.<anonymous> (C:\Users\Szotyi\Documents\password-manager\server\src\controllers\service.controller.ts:3:1)
    at Module._compile (node:internal/modules/cjs/loader:1108:14)
    at Module.m._compile (C:\Users\Szotyi\AppData\Roaming\npm\node_modules\ts-node\src\index.ts:1056:23)
    at Module._extensions..js (node:internal/modules/cjs/loader:1137:10)
    at Object.require.extensions.<computed> [as .ts] (C:\Users\Szotyi\AppData\Roaming\npm\node_modules\ts-node\src\index.ts:1059:12)
    at Module.load (node:internal/modules/cjs/loader:973:32)
    at Function.Module._load (node:internal/modules/cjs/loader:813:14)
2021-01-07 23:09:39 error: uncaughtException: Identifier 'service' has already been declared
C:\Users\Szotyi\Documents\password-manager\server\src\services\service.service.ts:16
        let service;
            ^

SyntaxError: Identifier 'service' has already been declared
    at wrapSafe (node:internal/modules/cjs/loader:1024:16)
    at Module._compile (node:internal/modules/cjs/loader:1072:27)
    at Module.m._compile (C:\Users\Szotyi\AppData\Roaming\npm\node_modules\ts-node\src\index.ts:1056:23)
    at Module._extensions..js (node:internal/modules/cjs/loader:1137:10)
    at Object.require.extensions.<computed> [as .ts] (C:\Users\Szotyi\AppData\Roaming\npm\node_modules\ts-node\src\index.ts:1059:12)
    at Module.load (node:internal/modules/cjs/loader:973:32)
    at Function.Module._load (node:internal/modules/cjs/loader:813:14)
    at Module.require (node:internal/modules/cjs/loader:997:19)
    at require (node:internal/modules/cjs/helpers:92:18)
    at Object.<anonymous> (C:\Users\Szotyi\Documents\password-manager\server\src\controllers\service.controller.ts:3:1)
    at Module._compile (node:internal/modules/cjs/loader:1108:14)
    at Module.m._compile (C:\Users\Szotyi\AppData\Roaming\npm\node_modules\ts-node\src\index.ts:1056:23)
    at Module._extensions..js (node:internal/modules/cjs/loader:1137:10)
    at Object.require.extensions.<computed> [as .ts] (C:\Users\Szotyi\AppData\Roaming\npm\node_modules\ts-node\src\index.ts:1059:12)
    at Module.load (node:internal/modules/cjs/loader:973:32)
    at Function.Module._load (node:internal/modules/cjs/loader:813:14)
2021-01-07 23:51:14 error: uncaughtException: Route.post() requires a callback function but got a [object Undefined]
Error: Route.post() requires a callback function but got a [object Undefined]
    at Route.<computed> [as post] (C:\Users\Szotyi\Documents\password-manager\server\node_modules\express\lib\router\route.js:202:15)
    at Function.proto.<computed> [as post] (C:\Users\Szotyi\Documents\password-manager\server\node_modules\express\lib\router\index.js:510:19)
    at ServiceRoute.initializeRoutes (C:\Users\Szotyi\Documents\password-manager\server\src\routes\service.route.ts:16:17)
    at new ServiceRoute (C:\Users\Szotyi\Documents\password-manager\server\src\routes\service.route.ts:11:10)
    at Object.<anonymous> (C:\Users\Szotyi\Documents\password-manager\server\src\server.ts:11:75)
    at Module._compile (node:internal/modules/cjs/loader:1108:14)
    at Module.m._compile (C:\Users\Szotyi\AppData\Roaming\npm\node_modules\ts-node\src\index.ts:1056:23)
    at Module._extensions..js (node:internal/modules/cjs/loader:1137:10)
    at Object.require.extensions.<computed> [as .ts] (C:\Users\Szotyi\AppData\Roaming\npm\node_modules\ts-node\src\index.ts:1059:12)
    at Module.load (node:internal/modules/cjs/loader:973:32)
    at Function.Module._load (node:internal/modules/cjs/loader:813:14)
    at Function.executeUserEntryPoint [as runMain] (node:internal/modules/run_main:76:12)
    at main (C:\Users\Szotyi\AppData\Roaming\npm\node_modules\ts-node\src\bin.ts:198:14)
    at Object.<anonymous> (C:\Users\Szotyi\AppData\Roaming\npm\node_modules\ts-node\src\bin.ts:288:3)
    at Module._compile (node:internal/modules/cjs/loader:1108:14)
    at Object.Module._extensions..js (node:internal/modules/cjs/loader:1137:10)
2021-01-07 23:55:11 error: StatusCode : 500, Message : Service validation failed: status: Path `status` is required., _id: Path `_id` is required.
2021-01-07 23:56:00 error: StatusCode : 500, Message : Service validation failed: _id: Path `_id` is required.
